<?xml version="1.0" encoding="UTF-8"?>
<testng-results ignored="0" total="4" passed="4" failed="0" skipped="0">
  <reporter-output>
  </reporter-output>
  <suite started-at="2022-08-09T18:08:27 CLT" name="Suite" finished-at="2022-08-09T18:09:27 CLT" duration-ms="60535">
    <groups>
      <group name="cucumber">
        <method signature="AbstractTestNGCucumberTests.runScenario(io.cucumber.testng.PickleWrapper,io.cucumber.testng.FeatureWrapper)[pri:0, instance:runners.MainRunner@4ac3c60d]" name="runScenario" class="io.cucumber.testng.AbstractTestNGCucumberTests"/>
      </group> <!-- cucumber -->
    </groups>
    <test started-at="2022-08-09T18:08:27 CLT" name="Test" finished-at="2022-08-09T18:09:27 CLT" duration-ms="60535">
      <class name="runners.MainRunner">
        <test-method is-config="true" signature="setUpClass(org.testng.ITestContext)[pri:0, instance:runners.MainRunner@4ac3c60d]" started-at="2022-08-09T18:08:27 CLT" name="setUpClass" finished-at="2022-08-09T18:08:28 CLT" duration-ms="934" status="PASS">
          <params>
            <param index="0">
              <value>
                <![CDATA[org.testng.TestRunner@38d8f54a]]>
              </value>
            </param>
          </params>
          <reporter-output>
          </reporter-output>
        </test-method> <!-- setUpClass -->
        <test-method signature="runScenario(io.cucumber.testng.PickleWrapper,io.cucumber.testng.FeatureWrapper)[pri:0, instance:runners.MainRunner@4ac3c60d]" started-at="2022-08-09T18:08:28 CLT" name="runScenario" description="Runs Cucumber Scenarios" data-provider="scenarios" finished-at="2022-08-09T18:09:25 CLT" duration-ms="57548" status="PASS">
          <params>
            <param index="0">
              <value>
                <![CDATA["Unsuccessfully Login"]]>
              </value>
            </param>
            <param index="1">
              <value>
                <![CDATA["Optional[Login into website]"]]>
              </value>
            </param>
          </params>
          <reporter-output>
          </reporter-output>
        </test-method> <!-- runScenario -->
        <test-method signature="runScenario(io.cucumber.testng.PickleWrapper,io.cucumber.testng.FeatureWrapper)[pri:0, instance:runners.MainRunner@4ac3c60d]" started-at="2022-08-09T18:08:28 CLT" name="runScenario" description="Runs Cucumber Scenarios" data-provider="scenarios" finished-at="2022-08-09T18:09:25 CLT" duration-ms="57751" status="PASS">
          <params>
            <param index="0">
              <value>
                <![CDATA["Unsuccessfully Login"]]>
              </value>
            </param>
            <param index="1">
              <value>
                <![CDATA["Optional[Login into website]"]]>
              </value>
            </param>
          </params>
          <reporter-output>
          </reporter-output>
        </test-method> <!-- runScenario -->
        <test-method signature="runScenario(io.cucumber.testng.PickleWrapper,io.cucumber.testng.FeatureWrapper)[pri:0, instance:runners.MainRunner@4ac3c60d]" started-at="2022-08-09T18:08:28 CLT" name="runScenario" description="Runs Cucumber Scenarios" data-provider="scenarios" finished-at="2022-08-09T18:09:27 CLT" duration-ms="59240" status="PASS">
          <params>
            <param index="0">
              <value>
                <![CDATA["Successfully Login"]]>
              </value>
            </param>
            <param index="1">
              <value>
                <![CDATA["Optional[Login into website]"]]>
              </value>
            </param>
          </params>
          <reporter-output>
          </reporter-output>
        </test-method> <!-- runScenario -->
        <test-method signature="runScenario(io.cucumber.testng.PickleWrapper,io.cucumber.testng.FeatureWrapper)[pri:0, instance:runners.MainRunner@4ac3c60d]" started-at="2022-08-09T18:08:28 CLT" name="runScenario" description="Runs Cucumber Scenarios" data-provider="scenarios" finished-at="2022-08-09T18:09:27 CLT" duration-ms="59350" status="PASS">
          <params>
            <param index="0">
              <value>
                <![CDATA["Successfully Login"]]>
              </value>
            </param>
            <param index="1">
              <value>
                <![CDATA["Optional[Login into website]"]]>
              </value>
            </param>
          </params>
          <reporter-output>
          </reporter-output>
        </test-method> <!-- runScenario -->
        <test-method is-config="true" signature="tearDownClass()[pri:0, instance:runners.MainRunner@4ac3c60d]" started-at="2022-08-09T18:09:27 CLT" name="tearDownClass" finished-at="2022-08-09T18:09:27 CLT" duration-ms="203" status="PASS">
          <reporter-output>
          </reporter-output>
        </test-method> <!-- tearDownClass -->
      </class> <!-- runners.MainRunner -->
    </test> <!-- Test -->
  </suite> <!-- Suite -->
</testng-results>
