<?xml version="1.0" encoding="UTF-8"?>
<testsuite xmlns:xsi="http://www.w3.org/2001/XMLSchema-instance" xsi:noNamespaceSchemaLocation="https://maven.apache.org/surefire/maven-surefire-plugin/xsd/surefire-test-report-3.0.xsd" version="3.0" name="TestSuite" time="61.569" tests="4" errors="0" skipped="0" failures="0">
  <properties>
[...]
</properties>
  <testcase name="runScenario[&quot;Unsuccessfully Login&quot;, &quot;Optional[Login into website]&quot;](1)" classname="runners.MainRunner" time="57.548">
    <system-out><![CDATA[
@login @regression @unsuccessfully
Scenario: Unsuccessfully Login                      # features/Login.feature:16

@login @regression @successfully
Scenario: Successfully Login                        # features/Login.feature:9

@login @regression @two
Scenario Outline: Successfully Login                # features/Login.feature:31

@login @regression @two
Scenario Outline: Unsuccessfully Login              # features/Login.feature:32
  Given I access the webdriver university home page # stepDefinitions.Login_Steps.i_access_the_webdriver_university_home_page()
  Given I access the webdriver university home page # stepDefinitions.Login_Steps.i_access_the_webdriver_university_home_page()
  Given I access the webdriver university home page # stepDefinitions.Login_Steps.i_access_the_webdriver_university_home_page()
  Given I access the webdriver university home page # stepDefinitions.Login_Steps.i_access_the_webdriver_university_home_page()
  When I click in login portal                      # stepDefinitions.Login_Steps.i_click_in_login_portal()
  When I click in login portal                      # stepDefinitions.Login_Steps.i_click_in_login_portal()
  When I click in login portal                      # stepDefinitions.Login_Steps.i_click_in_login_portal()
  When I click in login portal                      # stepDefinitions.Login_Steps.i_click_in_login_portal()
  And I enter a username webdriver                  # stepDefinitions.Login_Steps.i_enter_a_username(java.lang.String)
  And I enter a username webdriver                  # stepDefinitions.Login_Steps.i_enter_a_username(java.lang.String)
  And I enter a username wtfudoing                  # stepDefinitions.Login_Steps.i_enter_a_username(java.lang.String)
  And I enter a password webdriver123               # stepDefinitions.Login_Steps.i_enter_a_password_webdriver123(java.lang.String)
  And I enter a password webdriver123               # stepDefinitions.Login_Steps.i_enter_a_password_webdriver123(java.lang.String)
  And I click on login button                       # stepDefinitions.Login_Steps.i_click_on_login_button()
  Then I validate the message validation succeeded  # stepDefinitions.Login_Steps.i_validate_the_message(java.lang.String)
  And I click on login button                       # stepDefinitions.Login_Steps.i_click_on_login_button()
  Then I validate the successfully message          # stepDefinitions.Login_Steps.i_validate_the_successfully_message()
  And I enter a username webdriverasdasd            # stepDefinitions.Login_Steps.i_enter_a_username(java.lang.String)
  And I enter a password doinnothing                # stepDefinitions.Login_Steps.i_enter_a_password_webdriver123(java.lang.String)
  And I click on login button                       # stepDefinitions.Login_Steps.i_click_on_login_button()
  Then I validate the message validation failed     # stepDefinitions.Login_Steps.i_validate_the_message(java.lang.String)
  And I enter a password webdriv8545                # stepDefinitions.Login_Steps.i_enter_a_password_webdriver123(java.lang.String)
  And I click on login button                       # stepDefinitions.Login_Steps.i_click_on_login_button()
  Then I validate the unsuccessfully message        # stepDefinitions.Login_Steps.i_validate_the_unsuccessfully_message()
]]></system-out>
    <system-err><![CDATA[SLF4J: Failed to load class "org.slf4j.impl.StaticLoggerBinder".
SLF4J: Defaulting to no-operation (NOP) logger implementation
SLF4J: See http://www.slf4j.org/codes.html#StaticLoggerBinder for further details.
Starting ChromeDriver 104.0.5112.79 (3cf3e8c8a07d104b9e1260c910efb8f383285dc5-refs/branch-heads/5112@{#1307}) on port 64676
Only local connections are allowed.
Please see https://chromedriver.chromium.org/security-considerations for suggestions on keeping ChromeDriver safe.
ChromeDriver was started successfully.
Starting ChromeDriver 104.0.5112.79 (3cf3e8c8a07d104b9e1260c910efb8f383285dc5-refs/branch-heads/5112@{#1307}) on port 56564
Only local connections are allowed.
Please see https://chromedriver.chromium.org/security-considerations for suggestions on keeping ChromeDriver safe.
ChromeDriver was started successfully.
Starting ChromeDriver 104.0.5112.79 (3cf3e8c8a07d104b9e1260c910efb8f383285dc5-refs/branch-heads/5112@{#1307}) on port 53525
Only local connections are allowed.
Please see https://chromedriver.chromium.org/security-considerations for suggestions on keeping ChromeDriver safe.
ChromeDriver was started successfully.
Starting ChromeDriver 104.0.5112.79 (3cf3e8c8a07d104b9e1260c910efb8f383285dc5-refs/branch-heads/5112@{#1307}) on port 51401
Only local connections are allowed.
Please see https://chromedriver.chromium.org/security-considerations for suggestions on keeping ChromeDriver safe.
ChromeDriver was started successfully.
ago. 09, 2022 6:08:40 P. M. org.openqa.selenium.remote.ProtocolHandshake createSession
INFO: Detected dialect: W3C
ago. 09, 2022 6:08:40 P. M. org.openqa.selenium.remote.ProtocolHandshake createSession
INFO: Detected dialect: W3C
ago. 09, 2022 6:08:41 P. M. org.openqa.selenium.devtools.CdpVersionFinder findNearestMatch
WARNING: Unable to find an exact match for CDP version 104, so returning the closest version found: 101
ago. 09, 2022 6:08:41 P. M. org.openqa.selenium.devtools.CdpVersionFinder findNearestMatch
INFO: Found CDP implementation for version 104 of 101
ago. 09, 2022 6:08:41 P. M. org.openqa.selenium.devtools.CdpVersionFinder findNearestMatch
WARNING: Unable to find an exact match for CDP version 104, so returning the closest version found: 101
ago. 09, 2022 6:08:41 P. M. org.openqa.selenium.devtools.CdpVersionFinder findNearestMatch
INFO: Found CDP implementation for version 104 of 101
ago. 09, 2022 6:08:43 P. M. org.openqa.selenium.remote.ProtocolHandshake createSession
INFO: Detected dialect: W3C
ago. 09, 2022 6:08:43 P. M. org.openqa.selenium.devtools.CdpVersionFinder findNearestMatch
WARNING: Unable to find an exact match for CDP version 104, so returning the closest version found: 101
ago. 09, 2022 6:08:43 P. M. org.openqa.selenium.devtools.CdpVersionFinder findNearestMatch
INFO: Found CDP implementation for version 104 of 101
ago. 09, 2022 6:08:44 P. M. org.openqa.selenium.remote.ProtocolHandshake createSession
INFO: Detected dialect: W3C
ago. 09, 2022 6:08:44 P. M. org.openqa.selenium.devtools.CdpVersionFinder findNearestMatch
WARNING: Unable to find an exact match for CDP version 104, so returning the closest version found: 101
ago. 09, 2022 6:08:44 P. M. org.openqa.selenium.devtools.CdpVersionFinder findNearestMatch
INFO: Found CDP implementation for version 104 of 101
]]></system-err>
  </testcase>
  <testcase name="runScenario[&quot;Unsuccessfully Login&quot;, &quot;Optional[Login into website]&quot;](2)" classname="runners.MainRunner" time="57.746"/>
  <testcase name="runScenario[&quot;Successfully Login&quot;, &quot;Optional[Login into website]&quot;](3)" classname="runners.MainRunner" time="59.234"/>
  <testcase name="runScenario[&quot;Successfully Login&quot;, &quot;Optional[Login into website]&quot;](4)" classname="runners.MainRunner" time="59.344"/>
</testsuite>